{
  "stats": {
    "suites": 1,
    "tests": 4,
    "passes": 4,
    "pending": 0,
    "failures": 0,
    "start": "2024-08-21T17:54:09.803Z",
    "end": "2024-08-21T17:54:17.972Z",
    "duration": 8169,
    "testsRegistered": 4,
    "passPercent": 100,
    "pendingPercent": 0,
    "other": 0,
    "hasOther": false,
    "skipped": 0,
    "hasSkipped": false
  },
  "results": [
    {
      "uuid": "a094fc2a-f7b1-4900-8868-38364f0b554f",
      "title": "",
      "fullFile": "D:\\Belajar\\sesi7\\api-automation-ds-batch5-sesi7\\test\\test-sesi7.js",
      "file": "\\test\\test-sesi7.js",
      "beforeHooks": [],
      "afterHooks": [],
      "tests": [],
      "suites": [
        {
          "uuid": "1d121039-a600-458a-97c9-300308d90d1a",
          "title": "API Test for \"Reqres.in\"",
          "fullFile": "D:\\Belajar\\sesi7\\api-automation-ds-batch5-sesi7\\test\\test-sesi7.js",
          "file": "\\test\\test-sesi7.js",
          "beforeHooks": [],
          "afterHooks": [],
          "tests": [
            {
              "title": "Test - GET List Users",
              "fullTitle": "API Test for \"Reqres.in\" Test - GET List Users",
              "timedOut": false,
              "duration": 615,
              "state": "passed",
              "speed": "slow",
              "pass": true,
              "fail": false,
              "pending": false,
              "context": null,
              "code": "const response = await request(BASE_URL).get('api/users?page=2');\nassert.equal(response.statusCode, 200);\nassert.equal(response.body.page, 2);\n// console.log(response.body);",
              "err": {},
              "uuid": "dbf1942a-50ef-40ad-95a0-b470e6c1946c",
              "parentUUID": "1d121039-a600-458a-97c9-300308d90d1a",
              "isHook": false,
              "skipped": false
            },
            {
              "title": "Test - POST List Users",
              "fullTitle": "API Test for \"Reqres.in\" Test - POST List Users",
              "timedOut": false,
              "duration": 3240,
              "state": "passed",
              "speed": "slow",
              "pass": true,
              "fail": false,
              "pending": false,
              "context": null,
              "code": "const body = {\n    \"name\": \"morpheus\",\n    \"job\": \"leader\"\n}\nconst response = await request(BASE_URL)\n.post('api/users')\n.send(body);\nshould(response.statusCode === 200);\nconst schemaPath = \"resources/jsonSchema/post-objects-schema.json\";\nconst jsonSchema = JSON.parse(fs.readFileSync(schemaPath, 'utf8'));\nassert.jsonSchema(response.body, jsonSchema);\n// console.log(response.body);",
              "err": {},
              "uuid": "330a4f07-b774-4308-af59-40b06cc99926",
              "parentUUID": "1d121039-a600-458a-97c9-300308d90d1a",
              "isHook": false,
              "skipped": false
            },
            {
              "title": "Test - Delete Users",
              "fullTitle": "API Test for \"Reqres.in\" Test - Delete Users",
              "timedOut": false,
              "duration": 3638,
              "state": "passed",
              "speed": "slow",
              "pass": true,
              "fail": false,
              "pending": false,
              "context": null,
              "code": "const response = await request(BASE_URL).delete('api/users/2');\nshould(response.statusCode === 200);",
              "err": {},
              "uuid": "1a84c7b0-dd84-4677-b2ce-38af7c615a32",
              "parentUUID": "1d121039-a600-458a-97c9-300308d90d1a",
              "isHook": false,
              "skipped": false
            },
            {
              "title": "Test - PUT users",
              "fullTitle": "API Test for \"Reqres.in\" Test - PUT users",
              "timedOut": false,
              "duration": 664,
              "state": "passed",
              "speed": "slow",
              "pass": true,
              "fail": false,
              "pending": false,
              "context": null,
              "code": "const body = {\n    \"name\": \"morpheus\",\n    \"job\": \"zion resident\"\n}\nconst response = await request(BASE_URL)\n    .put('api/users/2')\n    .send(body);\n    should(response.statusCode === 200);",
              "err": {},
              "uuid": "12a68812-9fe6-4c2c-bb50-063fed850ae5",
              "parentUUID": "1d121039-a600-458a-97c9-300308d90d1a",
              "isHook": false,
              "skipped": false
            }
          ],
          "suites": [],
          "passes": [
            "dbf1942a-50ef-40ad-95a0-b470e6c1946c",
            "330a4f07-b774-4308-af59-40b06cc99926",
            "1a84c7b0-dd84-4677-b2ce-38af7c615a32",
            "12a68812-9fe6-4c2c-bb50-063fed850ae5"
          ],
          "failures": [],
          "pending": [],
          "skipped": [],
          "duration": 8157,
          "root": false,
          "rootEmpty": false,
          "_timeout": 5000
        }
      ],
      "passes": [],
      "failures": [],
      "pending": [],
      "skipped": [],
      "duration": 0,
      "root": true,
      "rootEmpty": true,
      "_timeout": 5000
    }
  ],
  "meta": {
    "mocha": {
      "version": "10.7.3"
    },
    "mochawesome": {
      "options": {
        "quiet": false,
        "reportFilename": "mochawesome",
        "saveHtml": true,
        "saveJson": true,
        "consoleReporter": "spec",
        "useInlineDiffs": false,
        "code": true
      },
      "version": "7.1.3"
    },
    "marge": {
      "options": null,
      "version": "6.2.0"
    }
  }
}